<?xml version="1.0" encoding="UTF-8"?>
<testsuite xmlns:xsi="http://www.w3.org/2001/XMLSchema-instance" xsi:noNamespaceSchemaLocation="https://maven.apache.org/surefire/maven-surefire-plugin/xsd/surefire-test-report-3.0.xsd" version="3.0" name="edu.eci.arsw.services.SketchsyncServicesTest" time="0.062" tests="15" errors="0" skipped="0" failures="0">
  <properties>
[...]
</properties>
  <testcase name="changeClue" classname="edu.eci.arsw.services.SketchsyncServicesTest" time="0.035"/>
  <testcase name="saveUser" classname="edu.eci.arsw.services.SketchsyncServicesTest" time="0.002"/>
  <testcase name="noSaveMaster" classname="edu.eci.arsw.services.SketchsyncServicesTest" time="0"/>
  <testcase name="newMaster" classname="edu.eci.arsw.services.SketchsyncServicesTest" time="0"/>
  <testcase name="takeClue" classname="edu.eci.arsw.services.SketchsyncServicesTest" time="0.001"/>
  <testcase name="onlyOneWinner" classname="edu.eci.arsw.services.SketchsyncServicesTest" time="0"/>
  <testcase name="saveAllUser" classname="edu.eci.arsw.services.SketchsyncServicesTest" time="0"/>
  <testcase name="savePoint" classname="edu.eci.arsw.services.SketchsyncServicesTest" time="0.001"/>
  <testcase name="deleteAllPoints" classname="edu.eci.arsw.services.SketchsyncServicesTest" time="0.001"/>
  <testcase name="getPoints" classname="edu.eci.arsw.services.SketchsyncServicesTest" time="0.001"/>
  <testcase name="returnWinner" classname="edu.eci.arsw.services.SketchsyncServicesTest" time="0"/>
  <testcase name="getUserPoints" classname="edu.eci.arsw.services.SketchsyncServicesTest" time="0.001"/>
  <testcase name="noSaveUserTwice" classname="edu.eci.arsw.services.SketchsyncServicesTest" time="0.001"/>
  <testcase name="deleteUser" classname="edu.eci.arsw.services.SketchsyncServicesTest" time="0"/>
  <testcase name="newClue" classname="edu.eci.arsw.services.SketchsyncServicesTest" time="0"/>
</testsuite>